<?xml version="1.0" encoding="UTF-8"?>
<!-- Generated by org.testng.reporters.JUnitXMLReporter -->
<testsuite hostname="DESKTOP-HBPR9D6" ignored="0" name="Default test" tests="3" failures="0" timestamp="28 Apr 2020 01:57:17 GMT" time="49.276" errors="0">
  <testcase name="loginTest" time="2.625" classname="com.app.qa.tests.LoginPageTest"/>
  <testcase name="pageTitleTest" time="0.034" classname="com.app.qa.tests.LoginPageTest"/>
  <testcase name="bankNameTest" time="0.148" classname="com.app.qa.tests.LoginPageTest"/>
</testsuite> <!-- Default test -->
