<?xml version="1.0" encoding="UTF-8"?>
<!-- Generated by org.testng.reporters.JUnitXMLReporter -->
<testsuite hostname="DESKTOP-HBPR9D6" ignored="0" name="Guru99 application Test" tests="13" failures="0" timestamp="24 Apr 2020 14:28:26 GMT" time="247.195" errors="0">
  <testcase name="addNewCustomerDetails" time="4.645" classname="com.app.qa.tests.AddCustomerPagetest"/>
  <testcase name="addNewCustomerDetails" time="5.62" classname="com.app.qa.tests.AddCustomerPagetest"/>
  <testcase name="addNewCustomerDetails" time="5.509" classname="com.app.qa.tests.AddCustomerPagetest"/>
  <testcase name="addNewCustomerDetails" time="5.487" classname="com.app.qa.tests.AddCustomerPagetest"/>
  <testcase name="addNewCustomerDetails" time="4.226" classname="com.app.qa.tests.AddCustomerPagetest"/>
  <testcase name="addNewCustomerDetails" time="5.324" classname="com.app.qa.tests.AddCustomerPagetest"/>
  <testcase name="homePageTitleTest" time="0.022" classname="com.app.qa.tests.ManagerHomePageTest"/>
  <testcase name="loginTest" time="1.222" classname="com.app.qa.tests.LoginPageTest"/>
  <testcase name="customerPagetitleTest" time="0.021" classname="com.app.qa.tests.AddCustomerPagetest"/>
  <testcase name="managerIdVerificationTest" time="0.116" classname="com.app.qa.tests.ManagerHomePageTest"/>
  <testcase name="pageTitleTest" time="0.014" classname="com.app.qa.tests.LoginPageTest"/>
  <testcase name="addCustomerTest" time="0.341" classname="com.app.qa.tests.ManagerHomePageTest"/>
  <testcase name="bankNameTest" time="0.067" classname="com.app.qa.tests.LoginPageTest"/>
</testsuite> <!-- Guru99 application Test -->
